0 verbose cli /usr/local/bin/node /usr/local/lib/node_modules/npm/bin/npm-cli.js
1 info using npm@8.19.2
2 info using node@v18.12.1
3 timing npm:load:whichnode Completed in 0ms
4 timing config:load:defaults Completed in 2ms
5 timing config:load:file:/usr/local/lib/node_modules/npm/npmrc Completed in 5ms
6 timing config:load:builtin Completed in 5ms
7 timing config:load:cli Completed in 3ms
8 timing config:load:env Completed in 1ms
9 timing config:load:project Completed in 7ms
10 timing config:load:file:/app/.npmrc Completed in 1ms
11 timing config:load:user Completed in 1ms
12 timing config:load:file:/usr/local/etc/npmrc Completed in 0ms
13 timing config:load:global Completed in 1ms
14 timing config:load:validate Completed in 0ms
15 timing config:load:credentials Completed in 1ms
16 timing config:load:setEnvs Completed in 1ms
17 timing config:load Completed in 23ms
18 timing npm:load:configload Completed in 24ms
19 timing npm:load:mkdirpcache Completed in 6ms
20 timing npm:load:mkdirplogs Completed in 5ms
21 verbose title npm exec create-next-app
22 verbose argv "exec" "--" "create-next-app"
23 timing npm:load:setTitle Completed in 1ms
24 timing config:load:flatten Completed in 4ms
25 timing npm:load:display Completed in 7ms
26 verbose logfile logs-max:10 dir:/app/.npm/_logs
27 verbose logfile /app/.npm/_logs/2023-10-24T10_57_17_012Z-debug-0.log
28 timing npm:load:logFile Completed in 38ms
29 timing npm:load:timers Completed in 0ms
30 timing npm:load:configScope Completed in 0ms
31 timing npm:load Completed in 85ms
32 silly logfile done cleaning log files
33 timing arborist:ctor Completed in 1ms
34 http fetch GET 200 https://registry.npmjs.org/npm 1008ms (cache miss)
35 http fetch GET 200 https://registry.npmjs.org/create-next-app 1681ms (cache miss)
36 timing arborist:ctor Completed in 0ms
37 timing arborist:ctor Completed in 1ms
38 timing arborist:ctor Completed in 1ms
39 timing idealTree:init Completed in 14ms
40 timing idealTree:userRequests Completed in 1ms
41 silly idealTree buildDeps
42 silly fetch manifest create-next-app@13.5.6
43 http fetch GET 200 https://registry.npmjs.org/create-next-app 80ms (cache hit)
44 silly placeDep ROOT create-next-app@13.5.6 OK for:  want: 13.5.6
45 timing idealTree:#root Completed in 118ms
46 timing idealTree:node_modules/create-next-app Completed in 0ms
47 timing idealTree:buildDeps Completed in 125ms
48 timing idealTree:fixDepFlags Completed in 0ms
49 timing idealTree Completed in 151ms
50 timing reify:loadTrees Completed in 153ms
51 timing reify:diffTrees Completed in 2ms
52 silly reify moves {}
53 timing reify:retireShallow Completed in 3ms
54 timing reify:createSparse Completed in 24ms
55 timing reify:loadBundles Completed in 0ms
56 silly audit bulk request { 'create-next-app': [ '13.5.6' ] }
57 silly tarball no local data for create-next-app@https://registry.npmjs.org/create-next-app/-/create-next-app-13.5.6.tgz. Extracting by manifest.
58 http fetch POST 200 https://registry.npmjs.org/-/npm/v1/security/advisories/bulk 161ms
59 timing auditReport:getReport Completed in 166ms
60 silly audit report {}
61 timing auditReport:init Completed in 0ms
62 timing reify:audit Completed in 169ms
63 http fetch GET 200 https://registry.npmjs.org/create-next-app/-/create-next-app-13.5.6.tgz 713ms (cache miss)
64 timing reifyNode:node_modules/create-next-app Completed in 734ms
65 timing reify:unpack Completed in 735ms
66 timing reify:unretire Completed in 0ms
67 timing build:queue Completed in 2ms
68 timing build:link:node_modules/create-next-app Completed in 18ms
69 timing build:link Completed in 19ms
70 timing build:deps Completed in 22ms
71 timing build Completed in 23ms
72 timing reify:build Completed in 24ms
73 timing reify:trash Completed in 0ms
74 timing reify:save Completed in 13ms
75 timing reify Completed in 998ms
76 timing command:exec Completed in 162040ms
77 notice
77 notice New [31mmajor[39m version of npm available! [31m8.19.2[39m -> [32m10.2.1[39m
77 notice Changelog: [36mhttps://github.com/npm/cli/releases/tag/v10.2.1[39m
77 notice Run [32mnpm install -g npm@10.2.1[39m to update!
77 notice
78 verbose exit 0
79 timing npm Completed in 162244ms
80 info ok
